<?xml version="1.0" encoding="UTF-8"?>
<testng-results ignored="0" total="1" passed="1" failed="0" skipped="0">
  <reporter-output>
  </reporter-output>
  <suite started-at="2022-09-23T16:16:18 IST" name="Default suite" finished-at="2022-09-23T16:16:18 IST" duration-ms="69">
    <groups>
    </groups>
    <test started-at="2022-09-23T16:16:18 IST" name="Default test" finished-at="2022-09-23T16:16:18 IST" duration-ms="69">
      <class name="jenkinspractice.JenkinsPracticeTest">
        <test-method signature="Test1Test()[pri:0, instance:jenkinspractice.JenkinsPracticeTest@74751b3]" started-at="2022-09-23T16:16:18 IST" name="Test1Test" finished-at="2022-09-23T16:16:18 IST" duration-ms="12" status="PASS">
          <reporter-output>
          </reporter-output>
        </test-method> <!-- Test1Test -->
      </class> <!-- jenkinspractice.JenkinsPracticeTest -->
    </test> <!-- Default test -->
  </suite> <!-- Default suite -->
</testng-results>
