<?xml version="1.0" encoding="UTF-8"?>
<testng-results ignored="0" total="1" passed="1" failed="0" skipped="0">
  <reporter-output>
  </reporter-output>
  <suite started-at="2022-09-23T15:38:39 IST" name="Default suite" finished-at="2022-09-23T15:38:39 IST" duration-ms="50">
    <groups>
    </groups>
    <test started-at="2022-09-23T15:38:39 IST" name="Default test" finished-at="2022-09-23T15:38:39 IST" duration-ms="50">
      <class name="jenkinspractice.Test1Test">
        <test-method signature="main()[pri:0, instance:jenkinspractice.Test1Test@7e9131d5]" started-at="2022-09-23T15:38:39 IST" name="main" finished-at="2022-09-23T15:38:39 IST" duration-ms="10" status="PASS">
          <reporter-output>
          </reporter-output>
        </test-method> <!-- main -->
      </class> <!-- jenkinspractice.Test1Test -->
    </test> <!-- Default test -->
  </suite> <!-- Default suite -->
</testng-results>
